<?xml version="1.0" encoding="utf-8" standalone="no"?>
<test-run id="2" testcasecount="1" result="Passed" total="1" passed="1" failed="0" inconclusive="0" skipped="0" asserts="0" engine-version="3.4.1.0" clr-version="4.0.30319.42000" start-time="2016-07-14 10:44:49Z" end-time="2016-07-14 10:44:49Z" duration="0.072486">
  <command-line><![CDATA["C:\Projects\GitHub\nunit-integration-tests\bin\Debug\ICanRunTestsFromParentDirectory_CmdArguments_Version40_System.String\nunit\nunit3-console.exe"  C:\Projects\GitHub\nunit-integration-tests\bin\Debug\ICanRunTestsFromParentDirectory_CmdArguments_Version40_System.String\mocks\foo.tests.dll ]]></command-line>
  <test-suite type="Assembly" id="0-1002" name="foo.tests.dll" fullname="C:\Projects\GitHub\nunit-integration-tests\bin\Debug\ICanRunTestsFromParentDirectory_CmdArguments_Version40_System.String\mocks\foo.tests.dll" runstate="Runnable" testcasecount="1" result="Passed" start-time="2016-07-14 10:44:49Z" end-time="2016-07-14 10:44:49Z" duration="0.038594" total="1" passed="1" failed="0" inconclusive="0" skipped="0" asserts="0">
    <environment framework-version="3.4.1.0" clr-version="4.0.30319.42000" os-version="Microsoft Windows NT 10.0.10586.0" platform="Win32NT" cwd="C:\Projects\GitHub\nunit-integration-tests" machine-name="UNIT-728" user="Nikolay.Pianikov" user-domain="LABS" culture="ru-RU" uiculture="en-US" os-architecture="x64" />
    <settings>
      <setting name="WorkDirectory" value="C:\Projects\GitHub\nunit-integration-tests" />
      <setting name="ImageRuntimeVersion" value="4.0.30319" />
      <setting name="ImageRequiresX86" value="False" />
      <setting name="ImageRequiresDefaultAppDomainAssemblyResolver" value="False" />
      <setting name="NumberOfTestWorkers" value="8" />
    </settings>
    <properties>
      <property name="_PID" value="14536" />
      <property name="_APPDOMAIN" value="test-domain-" />
    </properties>
    <test-suite type="TestSuite" id="0-1003" name="Foo" fullname="Foo" runstate="Runnable" testcasecount="1" result="Passed" start-time="2016-07-14 10:44:49Z" end-time="2016-07-14 10:44:49Z" duration="0.021203" total="1" passed="1" failed="0" inconclusive="0" skipped="0" asserts="0">
      <test-suite type="TestSuite" id="0-1004" name="Tests" fullname="Foo.Tests" runstate="Runnable" testcasecount="1" result="Passed" start-time="2016-07-14 10:44:49Z" end-time="2016-07-14 10:44:49Z" duration="0.019003" total="1" passed="1" failed="0" inconclusive="0" skipped="0" asserts="0">
        <test-suite type="TestFixture" id="0-1000" name="UnitTests1" fullname="Foo.Tests.UnitTests1" classname="Foo.Tests.UnitTests1" runstate="Runnable" testcasecount="1" result="Passed" start-time="2016-07-14 10:44:49Z" end-time="2016-07-14 10:44:49Z" duration="0.013608" total="1" passed="1" failed="0" inconclusive="0" skipped="0" asserts="0">
          <test-case id="0-1001" name="SuccessfulTest" fullname="Foo.Tests.UnitTests1.SuccessfulTest" methodname="SuccessfulTest" classname="Foo.Tests.UnitTests1" runstate="Runnable" seed="2087405962" result="Passed" start-time="2016-07-14 10:44:49Z" end-time="2016-07-14 10:44:49Z" duration="0.003716" asserts="0">
            <output><![CDATA[output]]></output>
          </test-case>
        </test-suite>
      </test-suite>
    </test-suite>
  </test-suite>
</test-run>